#
# There is insufficient memory for the Java Runtime Environment to continue.
# Native memory allocation (malloc) failed to allocate 1134576 bytes for Chunk::new
# Possible reasons:
#   The system is out of physical RAM or swap space
#   In 32 bit mode, the process size limit was hit
# Possible solutions:
#   Reduce memory load on the system
#   Increase physical memory or swap space
#   Check if swap backing store is full
#   Use 64 bit Java on a 64 bit OS
#   Decrease Java heap size (-Xmx/-Xms)
#   Decrease number of Java threads
#   Decrease Java thread stack sizes (-Xss)
#   Set larger code cache with -XX:ReservedCodeCacheSize=
# This output file may be truncated or incomplete.
#
#  Out of Memory Error (allocation.cpp:390), pid=8028, tid=0x0000000000003388
#
# JRE version: Java(TM) SE Runtime Environment (8.0_144-b01) (build 1.8.0_144-b01)
# Java VM: Java HotSpot(TM) 64-Bit Server VM (25.144-b01 mixed mode windows-amd64 compressed oops)
# Failed to write core dump. Minidumps are not enabled by default on client versions of Windows
#

---------------  T H R E A D  ---------------

Current thread (0x00000000159cd000):  JavaThread "C2 CompilerThread0" daemon [_thread_in_native, id=13192, stack(0x0000000017000000,0x0000000017100000)]

Stack: [0x0000000017000000,0x0000000017100000]
[error occurred during error reporting (printing stack bounds), id 0xc0000005]

Native frames: (J=compiled Java code, j=interpreted, Vv=VM code, C=native code)


Current CompileTask:
C2: 231132 9532       4       com.sun.org.apache.xerces.internal.impl.XMLNSDocumentScannerImpl::scanStartElement (1026 bytes)


---------------  P R O C E S S  ---------------

Java Threads: ( => current thread )
  0x000000001748e000 JavaThread "Cache worker for file content cache (C:\Users\tphon\Desktop\ReactNative\hello\android\.gradle\3.5.1\fileContent)" [_thread_blocked, id=14284, stack(0x0000000022520000,0x0000000022620000)]
  0x0000000017491000 JavaThread "Cache worker for task history cache (C:\Users\tphon\Desktop\ReactNative\hello\android\.gradle\3.5.1\taskHistory)" [_thread_blocked, id=12156, stack(0x000000001feb0000,0x000000001ffb0000)]
  0x000000001748f800 JavaThread "Memory manager" [_thread_blocked, id=2884, stack(0x000000001fdb0000,0x000000001feb0000)]
  0x000000001748a800 JavaThread "pool-1-thread-1" [_thread_blocked, id=5600, stack(0x000000001ddd0000,0x000000001ded0000)]
  0x0000000017490800 JavaThread "Cache worker for Artifact transforms cache (C:\Users\tphon\.gradle\caches\transforms-1)" [_thread_blocked, id=3224, stack(0x000000001c7f0000,0x000000001c8f0000)]
  0x000000001748c800 JavaThread "File lock request listener" [_thread_in_native, id=11556, stack(0x000000001b320000,0x000000001b420000)]
  0x000000001748c000 JavaThread "Cache worker for file hash cache (C:\Users\tphon\.gradle\caches\3.5.1\fileHashes)" [_thread_blocked, id=10064, stack(0x000000001b220000,0x000000001b320000)]
  0x0000000017fba800 JavaThread "Stdin handler" [_thread_blocked, id=1252, stack(0x000000001b120000,0x000000001b220000)]
  0x0000000017fb9800 JavaThread "Asynchronous log dispatcher for DefaultDaemonConnection: socket connection from /127.0.0.1:62433 to /127.0.0.1:62434" [_thread_blocked, id=9648, stack(0x000000001b020000,0x000000001b120000)]
  0x000000001746f800 JavaThread "Daemon worker" [_thread_in_native, id=12560, stack(0x000000001af20000,0x000000001b020000)]
  0x0000000017d61800 JavaThread "Cancel handler" [_thread_blocked, id=13664, stack(0x000000001ae20000,0x000000001af20000)]
  0x0000000017d51800 JavaThread "Handler for socket connection from /127.0.0.1:62433 to /127.0.0.1:62434" [_thread_in_native, id=12136, stack(0x000000001ab20000,0x000000001ac20000)]
  0x0000000017d51000 JavaThread "Daemon" [_thread_blocked, id=6800, stack(0x000000001aa20000,0x000000001ab20000)]
  0x00000000186c5000 JavaThread "Daemon periodic checks" [_thread_blocked, id=5612, stack(0x000000001a920000,0x000000001aa20000)]
  0x00000000190cd800 JavaThread "Incoming local TCP Connector on port 62433" [_thread_in_native, id=16024, stack(0x000000001a6e0000,0x000000001a7e0000)]
  0x0000000018fbd800 JavaThread "Daemon health stats" [_thread_blocked, id=7808, stack(0x000000001a3e0000,0x000000001a4e0000)]
  0x0000000017356800 JavaThread "Service Thread" daemon [_thread_blocked, id=6828, stack(0x0000000017700000,0x0000000017800000)]
  0x0000000015a1a000 JavaThread "C1 CompilerThread2" daemon [_thread_blocked, id=9104, stack(0x0000000017200000,0x0000000017300000)]
  0x00000000159cf000 JavaThread "C2 CompilerThread1" daemon [_thread_blocked, id=9528, stack(0x0000000017100000,0x0000000017200000)]
=>0x00000000159cd000 JavaThread "C2 CompilerThread0" daemon [_thread_in_native, id=13192, stack(0x0000000017000000,0x0000000017100000)]
  0x00000000159c7800 JavaThread "Attach Listener" daemon [_thread_blocked, id=1876, stack(0x0000000016f00000,0x0000000017000000)]
  0x00000000159c6800 JavaThread "Signal Dispatcher" daemon [_thread_blocked, id=2016, stack(0x0000000016e00000,0x0000000016f00000)]
  0x00000000032ed000 JavaThread "Finalizer" daemon [_thread_blocked, id=14868, stack(0x0000000016c10000,0x0000000016d10000)]
  0x00000000032e2000 JavaThread "Reference Handler" daemon [_thread_blocked, id=15356, stack(0x0000000016b10000,0x0000000016c10000)]
  0x00000000031f3800 JavaThread "main" [_thread_blocked, id=3532, stack(0x0000000003010000,0x0000000003110000)]

Other Threads:
  0x0000000015988000 VMThread [stack: 0x0000000016a10000,0x0000000016b10000] [id=14824]
  0x00000000173ca000 WatcherThread [stack: 0x0000000017800000,0x0000000017900000] [id=15584]

VM state:not at safepoint (normal execution)

VM Mutex/Monitor currently owned by a thread: None

Heap:
 PSYoungGen      total 195072K, used 51726K [0x00000000eab00000, 0x00000000f8980000, 0x0000000100000000)
  eden space 174080K, 29% used [0x00000000eab00000,0x00000000edd83bc8,0x00000000f5500000)
  from space 20992K, 0% used [0x00000000f6d00000,0x00000000f6d00000,0x00000000f8180000)
  to   space 24576K, 0% used [0x00000000f5500000,0x00000000f5500000,0x00000000f6d00000)
 ParOldGen       total 141824K, used 34997K [0x00000000c0000000, 0x00000000c8a80000, 0x00000000eab00000)
  object space 141824K, 24% used [0x00000000c0000000,0x00000000c222d560,0x00000000c8a80000)
 Metaspace       used 60339K, capacity 62124K, committed 62296K, reserved 1103872K
  class space    used 8032K, capacity 8427K, committed 8536K, reserved 1048576K

Card table byte_map: [0x00000000126b0000,0x00000000128c0000] byte_map_base: 0x00000000120b0000

Marking Bits: (ParMarkBitMap*) 0x0000000050fed850
 Begin Bits: [0x0000000012e20000, 0x0000000013e20000)
 End Bits:   [0x0000000013e20000, 0x0000000014e20000)

Polling page: 0x0000000001120000

CodeCache: size=245760Kb used=27869Kb max_used=27966Kb free=217890Kb
 bounds [0x00000000032f0000, 0x0000000004e70000, 0x00000000122f0000]
 total_blobs=8803 nmethods=8013 adapters=702
 compilation: enabled

Compilation events (10 events):
Event: 230.823 Thread 0x0000000015a1a000 9556       1       org.gradle.api.internal.project.taskfactory.TaskPropertyInfo$5::getValue (5 bytes)
Event: 230.823 Thread 0x0000000015a1a000 nmethod 9556 0x000000000482f7d0 code [0x000000000482f920, 0x000000000482fa30]
Event: 230.823 Thread 0x0000000015a1a000 9557       3       com.google.common.collect.ImmutableSortedMap::fromEntries (65 bytes)
Event: 230.825 Thread 0x0000000015a1a000 nmethod 9557 0x0000000003884950 code [0x0000000003884bc0, 0x0000000003885b88]
Event: 230.825 Thread 0x0000000015a1a000 9558       3       com.google.common.collect.ImmutableSortedMap::fromSortedEntries (89 bytes)
Event: 230.828 Thread 0x0000000015a1a000 nmethod 9558 0x00000000038ee510 code [0x00000000038ee8a0, 0x00000000038f06b8]
Event: 230.830 Thread 0x0000000015a1a000 9559       3       org.gradle.internal.logging.services.DefaultLoggingManager$StartableLoggingSystem::start (52 bytes)
Event: 230.831 Thread 0x0000000015a1a000 nmethod 9559 0x0000000003884250 code [0x00000000038843e0, 0x0000000003884828]
Event: 230.872 Thread 0x0000000015a1a000 9560       3       sun.nio.cs.UTF_8$Encoder::encodeArrayLoop (489 bytes)
Event: 230.876 Thread 0x0000000015a1a000 nmethod 9560 0x0000000003924f50 code [0x00000000039254a0, 0x0000000003928a88]

GC Heap History (10 events):
Event: 60.776 GC heap before
{Heap before GC invocations=17 (full 2):
 PSYoungGen      total 134144K, used 134133K [0x00000000eab00000, 0x00000000f4200000, 0x0000000100000000)
  eden space 120320K, 100% used [0x00000000eab00000,0x00000000f2080000,0x00000000f2080000)
  from space 13824K, 99% used [0x00000000f3000000,0x00000000f3d7d7e8,0x00000000f3d80000)
  to   space 15872K, 0% used [0x00000000f2080000,0x00000000f2080000,0x00000000f3000000)
 ParOldGen       total 96256K, used 19645K [0x00000000c0000000, 0x00000000c5e00000, 0x00000000eab00000)
  object space 96256K, 20% used [0x00000000c0000000,0x00000000c132f598,0x00000000c5e00000)
 Metaspace       used 49965K, capacity 51062K, committed 51288K, reserved 1093632K
  class space    used 6580K, capacity 6886K, committed 7000K, reserved 1048576K
Event: 60.803 GC heap after
Heap after GC invocations=17 (full 2):
 PSYoungGen      total 136192K, used 13325K [0x00000000eab00000, 0x00000000f6400000, 0x0000000100000000)
  eden space 120320K, 0% used [0x00000000eab00000,0x00000000eab00000,0x00000000f2080000)
  from space 15872K, 83% used [0x00000000f2080000,0x00000000f2d834d8,0x00000000f3000000)
  to   space 16896K, 0% used [0x00000000f5380000,0x00000000f5380000,0x00000000f6400000)
 ParOldGen       total 96256K, used 19653K [0x00000000c0000000, 0x00000000c5e00000, 0x00000000eab00000)
  object space 96256K, 20% used [0x00000000c0000000,0x00000000c1331598,0x00000000c5e00000)
 Metaspace       used 49965K, capacity 51062K, committed 51288K, reserved 1093632K
  class space    used 6580K, capacity 6886K, committed 7000K, reserved 1048576K
}
Event: 67.024 GC heap before
{Heap before GC invocations=18 (full 2):
 PSYoungGen      total 136192K, used 133645K [0x00000000eab00000, 0x00000000f6400000, 0x0000000100000000)
  eden space 120320K, 100% used [0x00000000eab00000,0x00000000f2080000,0x00000000f2080000)
  from space 15872K, 83% used [0x00000000f2080000,0x00000000f2d834d8,0x00000000f3000000)
  to   space 16896K, 0% used [0x00000000f5380000,0x00000000f5380000,0x00000000f6400000)
 ParOldGen       total 96256K, used 19653K [0x00000000c0000000, 0x00000000c5e00000, 0x00000000eab00000)
  object space 96256K, 20% used [0x00000000c0000000,0x00000000c1331598,0x00000000c5e00000)
 Metaspace       used 49967K, capacity 51068K, committed 51288K, reserved 1093632K
  class space    used 6580K, capacity 6887K, committed 7000K, reserved 1048576K
Event: 67.051 GC heap after
Heap after GC invocations=18 (full 2):
 PSYoungGen      total 169472K, used 13014K [0x00000000eab00000, 0x00000000f6380000, 0x0000000100000000)
  eden space 153088K, 0% used [0x00000000eab00000,0x00000000eab00000,0x00000000f4080000)
  from space 16384K, 79% used [0x00000000f5380000,0x00000000f6035a28,0x00000000f6380000)
  to   space 17920K, 0% used [0x00000000f4080000,0x00000000f4080000,0x00000000f5200000)
 ParOldGen       total 96256K, used 19661K [0x00000000c0000000, 0x00000000c5e00000, 0x00000000eab00000)
  object space 96256K, 20% used [0x00000000c0000000,0x00000000c1333598,0x00000000c5e00000)
 Metaspace       used 49967K, capacity 51068K, committed 51288K, reserved 1093632K
  class space    used 6580K, capacity 6887K, committed 7000K, reserved 1048576K
}
Event: 179.832 GC heap before
{Heap before GC invocations=19 (full 2):
 PSYoungGen      total 169472K, used 166102K [0x00000000eab00000, 0x00000000f6380000, 0x0000000100000000)
  eden space 153088K, 100% used [0x00000000eab00000,0x00000000f4080000,0x00000000f4080000)
  from space 16384K, 79% used [0x00000000f5380000,0x00000000f6035a28,0x00000000f6380000)
  to   space 17920K, 0% used [0x00000000f4080000,0x00000000f4080000,0x00000000f5200000)
 ParOldGen       total 96256K, used 19661K [0x00000000c0000000, 0x00000000c5e00000, 0x00000000eab00000)
  object space 96256K, 20% used [0x00000000c0000000,0x00000000c1333598,0x00000000c5e00000)
 Metaspace       used 54046K, capacity 55258K, committed 55640K, reserved 1097728K
  class space    used 7077K, capacity 7388K, committed 7512K, reserved 1048576K
Event: 179.988 GC heap after
Heap after GC invocations=19 (full 2):
 PSYoungGen      total 171008K, used 17906K [0x00000000eab00000, 0x00000000f8180000, 0x0000000100000000)
  eden space 153088K, 0% used [0x00000000eab00000,0x00000000eab00000,0x00000000f4080000)
  from space 17920K, 99% used [0x00000000f4080000,0x00000000f51fcb98,0x00000000f5200000)
  to   space 20992K, 0% used [0x00000000f6d00000,0x00000000f6d00000,0x00000000f8180000)
 ParOldGen       total 96256K, used 21462K [0x00000000c0000000, 0x00000000c5e00000, 0x00000000eab00000)
  object space 96256K, 22% used [0x00000000c0000000,0x00000000c14f5b10,0x00000000c5e00000)
 Metaspace       used 54046K, capacity 55258K, committed 55640K, reserved 1097728K
  class space    used 7077K, capacity 7388K, committed 7512K, reserved 1048576K
}
Event: 184.658 GC heap before
{Heap before GC invocations=20 (full 2):
 PSYoungGen      total 171008K, used 92394K [0x00000000eab00000, 0x00000000f8180000, 0x0000000100000000)
  eden space 153088K, 48% used [0x00000000eab00000,0x00000000ef3bddc0,0x00000000f4080000)
  from space 17920K, 99% used [0x00000000f4080000,0x00000000f51fcb98,0x00000000f5200000)
  to   space 20992K, 0% used [0x00000000f6d00000,0x00000000f6d00000,0x00000000f8180000)
 ParOldGen       total 96256K, used 21462K [0x00000000c0000000, 0x00000000c5e00000, 0x00000000eab00000)
  object space 96256K, 22% used [0x00000000c0000000,0x00000000c14f5b10,0x00000000c5e00000)
 Metaspace       used 57229K, capacity 58924K, committed 58968K, reserved 1099776K
  class space    used 7586K, capacity 7999K, committed 8024K, reserved 1048576K
Event: 184.699 GC heap after
Heap after GC invocations=20 (full 2):
 PSYoungGen      total 195072K, used 20960K [0x00000000eab00000, 0x00000000f8980000, 0x0000000100000000)
  eden space 174080K, 0% used [0x00000000eab00000,0x00000000eab00000,0x00000000f5500000)
  from space 20992K, 99% used [0x00000000f6d00000,0x00000000f8178148,0x00000000f8180000)
  to   space 24576K, 0% used [0x00000000f5500000,0x00000000f5500000,0x00000000f6d00000)
 ParOldGen       total 96256K, used 23282K [0x00000000c0000000, 0x00000000c5e00000, 0x00000000eab00000)
  object space 96256K, 24% used [0x00000000c0000000,0x00000000c16bc940,0x00000000c5e00000)
 Metaspace       used 57229K, capacity 58924K, committed 58968K, reserved 1099776K
  class space    used 7586K, capacity 7999K, committed 8024K, reserved 1048576K
}
Event: 184.699 GC heap before
{Heap before GC invocations=21 (full 3):
 PSYoungGen      total 195072K, used 20960K [0x00000000eab00000, 0x00000000f8980000, 0x0000000100000000)
  eden space 174080K, 0% used [0x00000000eab00000,0x00000000eab00000,0x00000000f5500000)
  from space 20992K, 99% used [0x00000000f6d00000,0x00000000f8178148,0x00000000f8180000)
  to   space 24576K, 0% used [0x00000000f5500000,0x00000000f5500000,0x00000000f6d00000)
 ParOldGen       total 96256K, used 23282K [0x00000000c0000000, 0x00000000c5e00000, 0x00000000eab00000)
  object space 96256K, 24% used [0x00000000c0000000,0x00000000c16bc940,0x00000000c5e00000)
 Metaspace       used 57229K, capacity 58924K, committed 58968K, reserved 1099776K
  class space    used 7586K, capacity 7999K, committed 8024K, reserved 1048576K
Event: 185.434 GC heap after
Heap after GC invocations=21 (full 3):
 PSYoungGen      total 195072K, used 0K [0x00000000eab00000, 0x00000000f8980000, 0x0000000100000000)
  eden space 174080K, 0% used [0x00000000eab00000,0x00000000eab00000,0x00000000f5500000)
  from space 20992K, 0% used [0x00000000f6d00000,0x00000000f6d00000,0x00000000f8180000)
  to   space 24576K, 0% used [0x00000000f5500000,0x00000000f5500000,0x00000000f6d00000)
 ParOldGen       total 141824K, used 34997K [0x00000000c0000000, 0x00000000c8a80000, 0x00000000eab00000)
  object space 141824K, 24% used [0x00000000c0000000,0x00000000c222d560,0x00000000c8a80000)
 Metaspace       used 57168K, capacity 58798K, committed 58968K, reserved 1099776K
  class space    used 7572K, capacity 7957K, committed 8024K, reserved 1048576K
}

Deoptimization events (10 events):
Event: 229.714 Thread 0x000000001746f800 Uncommon trap: reason=class_check action=maybe_recompile pc=0x00000000049eff9c method=com.google.common.collect.NaturalOrdering.compare(Ljava/lang/Object;Ljava/lang/Object;)I @ 2
Event: 229.714 Thread 0x000000001746f800 Uncommon trap: reason=class_check action=maybe_recompile pc=0x00000000049eff9c method=com.google.common.collect.NaturalOrdering.compare(Ljava/lang/Object;Ljava/lang/Object;)I @ 2
Event: 229.714 Thread 0x000000001746f800 Uncommon trap: reason=class_check action=maybe_recompile pc=0x00000000049eff9c method=com.google.common.collect.NaturalOrdering.compare(Ljava/lang/Object;Ljava/lang/Object;)I @ 2
Event: 229.714 Thread 0x000000001746f800 Uncommon trap: reason=class_check action=maybe_recompile pc=0x00000000049eff9c method=com.google.common.collect.NaturalOrdering.compare(Ljava/lang/Object;Ljava/lang/Object;)I @ 2
Event: 229.886 Thread 0x000000001746f800 Uncommon trap: reason=unstable_if action=reinterpret pc=0x0000000004902c7c method=sun.nio.fs.NativeBuffers.getNativeBufferFromCache(I)Lsun/nio/fs/NativeBuffer; @ 18
Event: 229.922 Thread 0x000000001746f800 Uncommon trap: reason=unstable_if action=reinterpret pc=0x0000000004902494 method=sun.nio.fs.NativeBuffers.releaseNativeBuffer(Lsun/nio/fs/NativeBuffer;)V @ 35
Event: 230.584 Thread 0x000000001746f800 Uncommon trap: reason=class_check action=maybe_recompile pc=0x000000000499c5fc method=com.sun.org.apache.xerces.internal.impl.XMLEntityScanner.load(IZZ)Z @ 81
Event: 230.585 Thread 0x000000001746f800 Uncommon trap: reason=class_check action=maybe_recompile pc=0x00000000049c2cb0 method=com.sun.org.apache.xerces.internal.impl.XMLEntityScanner.load(IZZ)Z @ 81
Event: 230.784 Thread 0x000000001746f800 Uncommon trap: reason=unstable_if action=reinterpret pc=0x0000000004b00264 method=com.sun.org.apache.xerces.internal.dom.DeferredDocumentImpl.getNodeObject(I)Lcom/sun/org/apache/xerces/internal/dom/DeferredNode; @ 252
Event: 230.793 Thread 0x000000001746f800 Uncommon trap: reason=unstable_if action=reinterpret pc=0x0000000004b030b8 method=com.sun.org.apache.xerces.internal.dom.DeferredDocumentImpl.getPrevSibling(IZ)I @ 2

Internal exceptions (10 events):
Event: 188.305 Thread 0x000000001746f800 Exception <a 'java/lang/ClassNotFoundException': org/gradle/platform/base/BinaryContainer_ImplBeanInfo> (0x00000000eba91048) thrown at [C:\re\workspace\8-2-build-windows-amd64-cygwin\jdk8u144\9417\hotspot\src\share\vm\classfile\systemDictionary.cpp, line 
Event: 188.306 Thread 0x000000001746f800 Exception <a 'java/lang/ClassNotFoundException': org/gradle/model/internal/core/NodeBackedModelMapBeanInfo> (0x00000000ebaa2f80) thrown at [C:\re\workspace\8-2-build-windows-amd64-cygwin\jdk8u144\9417\hotspot\src\share\vm\classfile\systemDictionary.cpp, l
Event: 188.307 Thread 0x000000001746f800 Exception <a 'java/lang/ClassNotFoundException': org/gradle/model/internal/core/ModelMapGroovyViewBeanInfo> (0x00000000ebab4eb8) thrown at [C:\re\workspace\8-2-build-windows-amd64-cygwin\jdk8u144\9417\hotspot\src\share\vm\classfile\systemDictionary.cpp, l
Event: 188.311 Thread 0x000000001746f800 Exception <a 'java/lang/ClassNotFoundException': org/gradle/model/internal/core/ModelMapGroovyViewCustomizer> (0x00000000ebac7998) thrown at [C:\re\workspace\8-2-build-windows-amd64-cygwin\jdk8u144\9417\hotspot\src\share\vm\classfile\systemDictionary.cpp,
Event: 188.314 Thread 0x000000001746f800 Exception <a 'java/lang/ClassNotFoundException': org/gradle/model/internal/core/NodeBackedModelMapCustomizer> (0x00000000ebaed8e8) thrown at [C:\re\workspace\8-2-build-windows-amd64-cygwin\jdk8u144\9417\hotspot\src\share\vm\classfile\systemDictionary.cpp,
Event: 188.320 Thread 0x000000001746f800 Exception <a 'java/lang/ClassNotFoundException': org/gradle/platform/base/BinaryContainer_ImplCustomizer> (0x00000000ebb4d068) thrown at [C:\re\workspace\8-2-build-windows-amd64-cygwin\jdk8u144\9417\hotspot\src\share\vm\classfile\systemDictionary.cpp, lin
Event: 191.051 Thread 0x000000001746f800 Exception <a 'java/lang/ClassNotFoundException': com/android/build/gradle/internal/LibraryCache$1BeanInfo> (0x00000000ec33d838) thrown at [C:\re\workspace\8-2-build-windows-amd64-cygwin\jdk8u144\9417\hotspot\src\share\vm\classfile\systemDictionary.cpp, li
Event: 191.052 Thread 0x000000001746f800 Exception <a 'java/lang/ClassNotFoundException': com/android/build/gradle/internal/LibraryCache$1Customizer> (0x00000000ec34ecd8) thrown at [C:\re\workspace\8-2-build-windows-amd64-cygwin\jdk8u144\9417\hotspot\src\share\vm\classfile\systemDictionary.cpp, 
Event: 191.065 Thread 0x000000001746f800 Exception <a 'java/lang/ClassNotFoundException': com/android/build/gradle/internal/LibraryCacheBeanInfo> (0x00000000ec3a46a8) thrown at [C:\re\workspace\8-2-build-windows-amd64-cygwin\jdk8u144\9417\hotspot\src\share\vm\classfile\systemDictionary.cpp, line
Event: 191.066 Thread 0x000000001746f800 Exception <a 'java/lang/ClassNotFoundException': com/android/build/gradle/internal/LibraryCacheCustomizer> (0x00000000ec3b6628) thrown at [C:\re\workspace\8-2-build-windows-amd64-cygwin\jdk8u144\9417\hotspot\src\share\vm\classfile\systemDictionary.cpp, li

Events (10 events):
Event: 230.831 loading class com/android/builder/compiling/BuildConfigGenerator
Event: 230.831 loading class com/android/builder/compiling/BuildConfigGenerator done
Event: 230.835 loading class javax/lang/model/element/Modifier
Event: 230.837 loading class javax/lang/model/element/Modifier done
Event: 230.838 loading class com/android/builder/internal/ClassFieldImpl
Event: 230.838 loading class com/android/builder/internal/ClassFieldImpl done
Event: 230.852 loading class com/squareup/javawriter/JavaWriter
Event: 230.852 loading class com/squareup/javawriter/JavaWriter done
Event: 230.867 loading class com/squareup/javawriter/JavaWriter$Scope
Event: 230.867 loading class com/squareup/javawriter/JavaWriter$Scope done


Dynamic libraries:
0x00007ff7feac0000 - 0x00007ff7feaf7000 	C:\Program Files\Java\jdk1.8.0_144\bin\java.exe
0x00007ffb05ae0000 - 0x00007ffb05cc1000 	C:\WINDOWS\SYSTEM32\ntdll.dll
0x00007ffb03b10000 - 0x00007ffb03bc2000 	C:\WINDOWS\System32\KERNEL32.DLL
0x00007ffb02560000 - 0x00007ffb027d3000 	C:\WINDOWS\System32\KERNELBASE.dll
0x00007ffb057e0000 - 0x00007ffb05881000 	C:\WINDOWS\System32\ADVAPI32.dll
0x00007ffb03570000 - 0x00007ffb0360e000 	C:\WINDOWS\System32\msvcrt.dll
0x00007ffb03930000 - 0x00007ffb0398b000 	C:\WINDOWS\System32\sechost.dll
0x00007ffb03e40000 - 0x00007ffb03f64000 	C:\WINDOWS\System32\RPCRT4.dll
0x00007ffb05920000 - 0x00007ffb05ab0000 	C:\WINDOWS\System32\USER32.dll
0x00007ffb02840000 - 0x00007ffb02860000 	C:\WINDOWS\System32\win32u.dll
0x00007ffb05890000 - 0x00007ffb058b8000 	C:\WINDOWS\System32\GDI32.dll
0x00007ffb01f00000 - 0x00007ffb02092000 	C:\WINDOWS\System32\gdi32full.dll
0x00007ffb020a0000 - 0x00007ffb0213f000 	C:\WINDOWS\System32\msvcp_win.dll
0x00007ffb023e0000 - 0x00007ffb024da000 	C:\WINDOWS\System32\ucrtbase.dll
0x00007ffaefce0000 - 0x00007ffaeff49000 	C:\WINDOWS\WinSxS\amd64_microsoft.windows.common-controls_6595b64144ccf1df_6.0.17134.228_none_fb4599993062b194\COMCTL32.dll
0x00007ffb054b0000 - 0x00007ffb057d3000 	C:\WINDOWS\System32\combase.dll
0x00007ffb024e0000 - 0x00007ffb0255a000 	C:\WINDOWS\System32\bcryptPrimitives.dll
0x00007ffb03e10000 - 0x00007ffb03e3d000 	C:\WINDOWS\System32\IMM32.DLL
0x0000000051070000 - 0x0000000051142000 	C:\Program Files\Java\jdk1.8.0_144\jre\bin\msvcr100.dll
0x00000000507d0000 - 0x000000005106d000 	C:\Program Files\Java\jdk1.8.0_144\jre\bin\server\jvm.dll
0x00007ffb03c30000 - 0x00007ffb03c38000 	C:\WINDOWS\System32\PSAPI.DLL
0x00007ffafe6e0000 - 0x00007ffafe703000 	C:\WINDOWS\SYSTEM32\WINMM.dll
0x00007ffafacd0000 - 0x00007ffafacda000 	C:\WINDOWS\SYSTEM32\VERSION.dll
0x00007ffaed790000 - 0x00007ffaed799000 	C:\WINDOWS\SYSTEM32\WSOCK32.dll
0x0000000002ef0000 - 0x0000000002f5c000 	C:\WINDOWS\System32\ws2_32.DLL
0x00007ffafe6b0000 - 0x00007ffafe6da000 	C:\WINDOWS\SYSTEM32\WINMMBASE.dll
0x00007ffb01eb0000 - 0x00007ffb01ef9000 	C:\WINDOWS\System32\cfgmgr32.dll
0x00000000507c0000 - 0x00000000507cf000 	C:\Program Files\Java\jdk1.8.0_144\jre\bin\verify.dll
0x0000000050790000 - 0x00000000507b9000 	C:\Program Files\Java\jdk1.8.0_144\jre\bin\java.dll
0x0000000050770000 - 0x0000000050786000 	C:\Program Files\Java\jdk1.8.0_144\jre\bin\zip.dll
0x00007ffb03f80000 - 0x00007ffb053c0000 	C:\WINDOWS\System32\SHELL32.dll
0x00007ffb03990000 - 0x00007ffb03a39000 	C:\WINDOWS\System32\shcore.dll
0x00007ffb02860000 - 0x00007ffb02f6d000 	C:\WINDOWS\System32\windows.storage.dll
0x00007ffb058c0000 - 0x00007ffb05911000 	C:\WINDOWS\System32\shlwapi.dll
0x00007ffb01e40000 - 0x00007ffb01e51000 	C:\WINDOWS\System32\kernel.appcore.dll
0x00007ffb01e10000 - 0x00007ffb01e2f000 	C:\WINDOWS\System32\profapi.dll
0x00007ffb01e60000 - 0x00007ffb01eac000 	C:\WINDOWS\System32\powrprof.dll
0x00007ffb01e30000 - 0x00007ffb01e3a000 	C:\WINDOWS\System32\FLTLIB.DLL
0x0000000050750000 - 0x000000005076a000 	C:\Program Files\Java\jdk1.8.0_144\jre\bin\net.dll
0x00007ffb01670000 - 0x00007ffb016d6000 	C:\WINDOWS\system32\mswsock.dll
0x0000000050730000 - 0x0000000050741000 	C:\Program Files\Java\jdk1.8.0_144\jre\bin\nio.dll
0x00007ffafc160000 - 0x00007ffafc17e000 	C:\Users\tphon\.gradle\native\25\windows-amd64\native-platform.dll
0x00007ffb01820000 - 0x00007ffb01837000 	C:\WINDOWS\SYSTEM32\CRYPTSP.dll
0x00007ffb01250000 - 0x00007ffb01283000 	C:\WINDOWS\system32\rsaenh.dll
0x00007ffb01950000 - 0x00007ffb01975000 	C:\WINDOWS\SYSTEM32\bcrypt.dll
0x00007ffb01cf0000 - 0x00007ffb01d18000 	C:\WINDOWS\SYSTEM32\USERENV.dll
0x00007ffb01840000 - 0x00007ffb0184b000 	C:\WINDOWS\SYSTEM32\CRYPTBASE.dll
0x00007ffb013f0000 - 0x00007ffb01428000 	C:\WINDOWS\SYSTEM32\IPHLPAPI.DLL
0x00007ffb03110000 - 0x00007ffb03118000 	C:\WINDOWS\System32\NSI.dll
0x00007ffaf8640000 - 0x00007ffaf8656000 	C:\WINDOWS\SYSTEM32\dhcpcsvc6.DLL
0x00007ffaf85d0000 - 0x00007ffaf85ea000 	C:\WINDOWS\SYSTEM32\dhcpcsvc.DLL
0x0000000050720000 - 0x000000005072d000 	C:\Program Files\Java\jdk1.8.0_144\jre\bin\management.dll
0x00000000506f0000 - 0x0000000050714000 	C:\Program Files\Java\jdk1.8.0_144\jre\bin\sunec.dll
0x00000000506e0000 - 0x00000000506eb000 	C:\Program Files\Java\jdk1.8.0_144\jre\bin\sunmscapi.dll
0x00007ffb021f0000 - 0x00007ffb023d2000 	C:\WINDOWS\System32\CRYPT32.dll
0x00007ffb01df0000 - 0x00007ffb01e02000 	C:\WINDOWS\System32\MSASN1.dll
0x00007ffb01430000 - 0x00007ffb014ee000 	C:\WINDOWS\SYSTEM32\DNSAPI.dll
0x00007ffaf93a0000 - 0x00007ffaf93aa000 	C:\Windows\System32\rasadhlp.dll
0x00007ffaf6b50000 - 0x00007ffaf6bc2000 	C:\WINDOWS\System32\fwpuclnt.dll

VM Arguments:
jvm_args: -XX:MaxPermSize=256m -XX:+HeapDumpOnOutOfMemoryError -Xmx1024m -Dfile.encoding=x-windows-874 -Duser.country=US -Duser.language=en -Duser.variant 
java_command: org.gradle.launcher.daemon.bootstrap.GradleDaemon 3.5.1
java_class_path (initial): C:\Users\tphon\.gradle\wrapper\dists\gradle-3.5.1-all\42vjebfdws9pjts3l4bouoq0p\gradle-3.5.1\lib\gradle-launcher-3.5.1.jar
Launcher Type: SUN_STANDARD

Environment Variables:
CLASSPATH=C:\Users\tphon\Desktop\ReactNative\hello\android\\gradle\wrapper\gradle-wrapper.jar
USERNAME=tphon
OS=Windows_NT
PROCESSOR_IDENTIFIER=Intel64 Family 6 Model 37 Stepping 5, GenuineIntel



---------------  S Y S T E M  ---------------

OS: Windows 10.0 , 64 bit Build 17134 (10.0.17134.1)

CPU:total 4 (initial active 4) (2 cores per cpu, 2 threads per core) family 6 model 37 stepping 5, cmov, cx8, fxsr, mmx, sse, sse2, sse3, ssse3, sse4.1, sse4.2, popcnt, aes, clmul, ht, tsc, tscinvbit

Memory: 4k page, physical 8182368k(580932k free), swap 14732328k(1852k free)

vm_info: Java HotSpot(TM) 64-Bit Server VM (25.144-b01) for windows-amd64 JRE (1.8.0_144-b01), built on Jul 21 2017 21:57:33 by "java_re" with MS VC++ 10.0 (VS2010)

time: Thu Aug 23 13:26:41 2018
elapsed time: 231 seconds (0d 0h 3m 51s)

