#
# There is insufficient memory for the Java Runtime Environment to continue.
# Native memory allocation (malloc) failed to allocate 599216 bytes for Chunk::new
# Possible reasons:
#   The system is out of physical RAM or swap space
#   In 32 bit mode, the process size limit was hit
# Possible solutions:
#   Reduce memory load on the system
#   Increase physical memory or swap space
#   Check if swap backing store is full
#   Use 64 bit Java on a 64 bit OS
#   Decrease Java heap size (-Xmx/-Xms)
#   Decrease number of Java threads
#   Decrease Java thread stack sizes (-Xss)
#   Set larger code cache with -XX:ReservedCodeCacheSize=
# This output file may be truncated or incomplete.
#
#  Out of Memory Error (allocation.cpp:390), pid=17052, tid=0x00000000000005a8
#
# JRE version: Java(TM) SE Runtime Environment (8.0_144-b01) (build 1.8.0_144-b01)
# Java VM: Java HotSpot(TM) 64-Bit Server VM (25.144-b01 mixed mode windows-amd64 compressed oops)
# Failed to write core dump. Minidumps are not enabled by default on client versions of Windows
#

---------------  T H R E A D  ---------------

Current thread (0x000000001540a000):  JavaThread "C2 CompilerThread1" daemon [_thread_in_native, id=1448, stack(0x0000000016f00000,0x0000000017000000)]

Stack: [0x0000000016f00000,0x0000000017000000]
[error occurred during error reporting (printing stack bounds), id 0xc0000005]

Native frames: (J=compiled Java code, j=interpreted, Vv=VM code, C=native code)


Current CompileTask:
C2:   1288 1497       4       com.android.dx.ssa.SCCP::simulateBranch (666 bytes)


---------------  P R O C E S S  ---------------

Java Threads: ( => current thread )
  0x0000000016d7d800 JavaThread "pool-1-thread-4" [_thread_blocked, id=8020, stack(0x0000000017700000,0x0000000017800000)]
  0x0000000016d79000 JavaThread "pool-1-thread-3" [_thread_blocked, id=17124, stack(0x0000000017600000,0x0000000017700000)]
  0x0000000016d78000 JavaThread "pool-1-thread-2" [_thread_blocked, id=17004, stack(0x0000000017500000,0x0000000017600000)]
  0x0000000016d67800 JavaThread "pool-2-thread-1" [_thread_blocked, id=13648, stack(0x0000000017400000,0x0000000017500000)]
  0x0000000016d66800 JavaThread "pool-1-thread-1" [_thread_blocked, id=12416, stack(0x0000000017300000,0x0000000017400000)]
  0x0000000016b57000 JavaThread "Service Thread" daemon [_thread_blocked, id=7440, stack(0x0000000017100000,0x0000000017200000)]
  0x000000001540e000 JavaThread "C1 CompilerThread2" daemon [_thread_blocked, id=10348, stack(0x0000000017000000,0x0000000017100000)]
=>0x000000001540a000 JavaThread "C2 CompilerThread1" daemon [_thread_in_native, id=1448, stack(0x0000000016f00000,0x0000000017000000)]
  0x00000000153b9800 JavaThread "C2 CompilerThread0" daemon [_thread_in_native, id=16976, stack(0x0000000016a00000,0x0000000016b00000)]
  0x00000000153b7000 JavaThread "Attach Listener" daemon [_thread_blocked, id=15436, stack(0x0000000016900000,0x0000000016a00000)]
  0x0000000015407800 JavaThread "Signal Dispatcher" daemon [_thread_blocked, id=15672, stack(0x0000000016800000,0x0000000016900000)]
  0x0000000002cd6800 JavaThread "Finalizer" daemon [_thread_blocked, id=15116, stack(0x0000000016610000,0x0000000016710000)]
  0x0000000002cd1000 JavaThread "Reference Handler" daemon [_thread_blocked, id=11388, stack(0x0000000016510000,0x0000000016610000)]
  0x0000000002be2800 JavaThread "main" [_thread_blocked, id=16824, stack(0x00000000029e0000,0x0000000002ae0000)]

Other Threads:
  0x0000000015378000 VMThread [stack: 0x0000000016410000,0x0000000016510000] [id=13052]
  0x0000000016ba4000 WatcherThread [stack: 0x0000000017200000,0x0000000017300000] [id=11260]

VM state:not at safepoint (normal execution)

VM Mutex/Monitor currently owned by a thread: None

Heap:
 PSYoungGen      total 38400K, used 26076K [0x00000000eab00000, 0x00000000ef600000, 0x0000000100000000)
  eden space 33280K, 62% used [0x00000000eab00000,0x00000000ebf794d0,0x00000000ecb80000)
  from space 5120K, 99% used [0x00000000ecb80000,0x00000000ed07dc98,0x00000000ed080000)
  to   space 5120K, 0% used [0x00000000ef100000,0x00000000ef100000,0x00000000ef600000)
 ParOldGen       total 87552K, used 1543K [0x00000000c0000000, 0x00000000c5580000, 0x00000000eab00000)
  object space 87552K, 1% used [0x00000000c0000000,0x00000000c0181d58,0x00000000c5580000)
 Metaspace       used 6409K, capacity 7192K, committed 7424K, reserved 1056768K
  class space    used 634K, capacity 656K, committed 768K, reserved 1048576K

Card table byte_map: [0x00000000120a0000,0x00000000122b0000] byte_map_base: 0x0000000011aa0000

Marking Bits: (ParMarkBitMap*) 0x0000000068f1d850
 Begin Bits: [0x0000000012810000, 0x0000000013810000)
 End Bits:   [0x0000000013810000, 0x0000000014810000)

Polling page: 0x00000000011e0000

CodeCache: size=245760Kb used=6304Kb max_used=6328Kb free=239455Kb
 bounds [0x0000000002ce0000, 0x0000000003320000, 0x0000000011ce0000]
 total_blobs=1763 nmethods=1498 adapters=178
 compilation: enabled

Compilation events (10 events):
Event: 1.222 Thread 0x000000001540e000 1509       2       com.android.dx.ssa.back.FirstFitLocalCombiningAllocator$Multiset::add (68 bytes)
Event: 1.222 Thread 0x000000001540e000 nmethod 1509 0x00000000032fd8d0 code [0x00000000032fda40, 0x00000000032fdcb0]
Event: 1.222 Thread 0x000000001540e000 1510       2       com.android.dx.util.LabeledList::removeLabel (10 bytes)
Event: 1.222 Thread 0x000000001540e000 nmethod 1510 0x0000000003304ad0 code [0x0000000003304c40, 0x0000000003304dc8]
Event: 1.224 Thread 0x000000001540e000 1512       2       java.util.concurrent.locks.AbstractQueuedSynchronizer$Node::predecessor (19 bytes)
Event: 1.225 Thread 0x000000001540e000 nmethod 1512 0x0000000003304e90 code [0x0000000003305000, 0x0000000003305208]
Event: 1.236 Thread 0x00000000153b9800 nmethod 1404 0x000000000330b790 code [0x000000000330baa0, 0x000000000330f1a8]
Event: 1.236 Thread 0x00000000153b9800 1479       4       java.util.Collections$UnmodifiableCollection$1::next (10 bytes)
Event: 1.239 Thread 0x00000000153b9800 nmethod 1479 0x00000000033081d0 code [0x0000000003308320, 0x0000000003308578]
Event: 1.239 Thread 0x00000000153b9800 1487       4       com.android.dx.ssa.SCCP::simulateStmt (481 bytes)

GC Heap History (2 events):
Event: 0.928 GC heap before
{Heap before GC invocations=1 (full 0):
 PSYoungGen      total 38400K, used 33280K [0x00000000eab00000, 0x00000000ed580000, 0x0000000100000000)
  eden space 33280K, 100% used [0x00000000eab00000,0x00000000ecb80000,0x00000000ecb80000)
  from space 5120K, 0% used [0x00000000ed080000,0x00000000ed080000,0x00000000ed580000)
  to   space 5120K, 0% used [0x00000000ecb80000,0x00000000ecb80000,0x00000000ed080000)
 ParOldGen       total 87552K, used 0K [0x00000000c0000000, 0x00000000c5580000, 0x00000000eab00000)
  object space 87552K, 0% used [0x00000000c0000000,0x00000000c0000000,0x00000000c5580000)
 Metaspace       used 6117K, capacity 7030K, committed 7296K, reserved 1056768K
  class space    used 612K, capacity 622K, committed 640K, reserved 1048576K
Event: 0.942 GC heap after
Heap after GC invocations=1 (full 0):
 PSYoungGen      total 38400K, used 5111K [0x00000000eab00000, 0x00000000ef600000, 0x0000000100000000)
  eden space 33280K, 0% used [0x00000000eab00000,0x00000000eab00000,0x00000000ecb80000)
  from space 5120K, 99% used [0x00000000ecb80000,0x00000000ed07dc98,0x00000000ed080000)
  to   space 5120K, 0% used [0x00000000ef100000,0x00000000ef100000,0x00000000ef600000)
 ParOldGen       total 87552K, used 1543K [0x00000000c0000000, 0x00000000c5580000, 0x00000000eab00000)
  object space 87552K, 1% used [0x00000000c0000000,0x00000000c0181d58,0x00000000c5580000)
 Metaspace       used 6117K, capacity 7030K, committed 7296K, reserved 1056768K
  class space    used 612K, capacity 622K, committed 640K, reserved 1048576K
}

Deoptimization events (10 events):
Event: 1.179 Thread 0x0000000016d78000 Uncommon trap: reason=unstable_if action=reinterpret pc=0x00000000031ec7f4 method=com.android.dx.rop.code.DexTranslationAdvice.requiresSourcesInOrder(Lcom/android/dx/rop/code/Rop;Lcom/android/dx/rop/code/RegisterSpecList;)Z @ 21
Event: 1.180 Thread 0x0000000016d66800 Uncommon trap: reason=bimorphic action=maybe_recompile pc=0x0000000003288b9c method=com.android.dx.cf.code.BytecodeArray.parseInstruction(ILcom/android/dx/cf/code/BytecodeArray$Visitor;)I @ 1130
Event: 1.180 Thread 0x0000000016d66800 Uncommon trap: reason=bimorphic action=maybe_recompile pc=0x00000000032886c8 method=com.android.dx.cf.code.BytecodeArray.parseInstruction(ILcom/android/dx/cf/code/BytecodeArray$Visitor;)I @ 907
Event: 1.180 Thread 0x0000000016d66800 Uncommon trap: reason=bimorphic action=maybe_recompile pc=0x0000000003288b9c method=com.android.dx.cf.code.BytecodeArray.parseInstruction(ILcom/android/dx/cf/code/BytecodeArray$Visitor;)I @ 1130
Event: 1.180 Thread 0x0000000016d66800 Uncommon trap: reason=bimorphic action=maybe_recompile pc=0x0000000003288748 method=com.android.dx.cf.code.BytecodeArray.parseInstruction(ILcom/android/dx/cf/code/BytecodeArray$Visitor;)I @ 923
Event: 1.180 Thread 0x0000000016d66800 Uncommon trap: reason=bimorphic action=maybe_recompile pc=0x0000000003288b9c method=com.android.dx.cf.code.BytecodeArray.parseInstruction(ILcom/android/dx/cf/code/BytecodeArray$Visitor;)I @ 1130
Event: 1.205 Thread 0x0000000016d79000 Uncommon trap: reason=null_check action=make_not_entrant pc=0x0000000002f9e528 method=com.android.dx.rop.type.Type.equals(Ljava/lang/Object;)Z @ 8
Event: 1.206 Thread 0x0000000016d7d800 Uncommon trap: reason=unstable_if action=reinterpret pc=0x00000000030b2380 method=com.android.dx.dex.code.OutputFinisher.hasLocalInfo(Lcom/android/dx/dex/code/DalvInsn;)Z @ 24
Event: 1.209 Thread 0x0000000016d78000 Uncommon trap: reason=unstable_if action=reinterpret pc=0x0000000002fa8a2c method=java.util.HashMap.putVal(ILjava/lang/Object;Ljava/lang/Object;ZZ)Ljava/lang/Object; @ 162
Event: 1.211 Thread 0x0000000016d78000 Uncommon trap: reason=unstable_if action=reinterpret pc=0x000000000305a408 method=java.util.HashMap.getNode(ILjava/lang/Object;)Ljava/util/HashMap$Node; @ 84

Internal exceptions (6 events):
Event: 0.066 Thread 0x0000000002be2800 Exception <a 'java/lang/NoSuchMethodError': Method sun.misc.Unsafe.defineClass(Ljava/lang/String;[BII)Ljava/lang/Class; name or signature does not match> (0x00000000eab07ca8) thrown at [C:\re\workspace\8-2-build-windows-amd64-cygwin\jdk8u144\9417\hotspot\
Event: 0.066 Thread 0x0000000002be2800 Exception <a 'java/lang/NoSuchMethodError': Method sun.misc.Unsafe.prefetchRead(Ljava/lang/Object;J)V name or signature does not match> (0x00000000eab07f90) thrown at [C:\re\workspace\8-2-build-windows-amd64-cygwin\jdk8u144\9417\hotspot\src\share\vm\prims
Event: 1.205 Thread 0x0000000016d79000 Implicit null exception at 0x0000000002f9e422 to 0x0000000002f9e51a
Event: 1.210 Thread 0x0000000016d78000 Exception <a 'java/lang/ArrayIndexOutOfBoundsException': 18> (0x00000000eb81d490) thrown at [C:\re\workspace\8-2-build-windows-amd64-cygwin\jdk8u144\9417\hotspot\src\share\vm\interpreter\interpreterRuntime.cpp, line 366]
Event: 1.210 Thread 0x0000000016d78000 Exception <a 'java/lang/ArrayIndexOutOfBoundsException': 145> (0x00000000eb81f010) thrown at [C:\re\workspace\8-2-build-windows-amd64-cygwin\jdk8u144\9417\hotspot\src\share\vm\interpreter\interpreterRuntime.cpp, line 366]
Event: 1.211 Thread 0x0000000016d78000 Exception <a 'java/lang/ArrayIndexOutOfBoundsException'> (0x00000000eb8202f8) thrown at [C:\re\workspace\8-2-build-windows-amd64-cygwin\jdk8u144\9417\hotspot\src\share\vm\runtime\sharedRuntime.cpp, line 605]

Events (10 events):
Event: 1.211 loading class java/lang/reflect/TypeVariable done
Event: 1.211 loading class sun/reflect/generics/reflectiveObjects/TypeVariableImpl
Event: 1.211 loading class sun/reflect/generics/reflectiveObjects/LazyReflectiveObjectGenerator
Event: 1.211 loading class sun/reflect/generics/reflectiveObjects/LazyReflectiveObjectGenerator done
Event: 1.211 loading class sun/reflect/generics/reflectiveObjects/TypeVariableImpl done
Event: 1.211 Thread 0x0000000016d78000 Uncommon trap: trap_request=0xffffff65 fr.pc=0x000000000305a408
Event: 1.211 Thread 0x0000000016d78000 DEOPT PACKING pc=0x000000000305a408 sp=0x00000000175fe850
Event: 1.211 Thread 0x0000000016d78000 DEOPT UNPACKING pc=0x0000000002d2582a sp=0x00000000175fe7d8 mode 2
Event: 1.222 Thread 0x0000000016d78000 DEOPT PACKING pc=0x0000000003033780 sp=0x00000000175fe8d0
Event: 1.222 Thread 0x0000000016d78000 DEOPT UNPACKING pc=0x0000000002d2787f sp=0x00000000175fe698 mode 0


Dynamic libraries:
0x00007ff65b5b0000 - 0x00007ff65b5e7000 	C:\Program Files\Java\jdk1.8.0_144\bin\java.exe
0x00007ffceffa0000 - 0x00007ffcf0181000 	C:\WINDOWS\SYSTEM32\ntdll.dll
0x00007ffcefa70000 - 0x00007ffcefb22000 	C:\WINDOWS\System32\KERNEL32.DLL
0x00007ffcec370000 - 0x00007ffcec5e3000 	C:\WINDOWS\System32\KERNELBASE.dll
0x00007ffcef760000 - 0x00007ffcef801000 	C:\WINDOWS\System32\ADVAPI32.dll
0x00007ffcef6b0000 - 0x00007ffcef74e000 	C:\WINDOWS\System32\msvcrt.dll
0x00007ffced640000 - 0x00007ffced69b000 	C:\WINDOWS\System32\sechost.dll
0x00007ffced430000 - 0x00007ffced554000 	C:\WINDOWS\System32\RPCRT4.dll
0x00007ffcefce0000 - 0x00007ffcefe70000 	C:\WINDOWS\System32\USER32.dll
0x00007ffcec640000 - 0x00007ffcec660000 	C:\WINDOWS\System32\win32u.dll
0x00007ffcefb30000 - 0x00007ffcefb58000 	C:\WINDOWS\System32\GDI32.dll
0x00007ffced290000 - 0x00007ffced422000 	C:\WINDOWS\System32\gdi32full.dll
0x00007ffced1f0000 - 0x00007ffced28f000 	C:\WINDOWS\System32\msvcp_win.dll
0x00007ffcec6e0000 - 0x00007ffcec7da000 	C:\WINDOWS\System32\ucrtbase.dll
0x00007ffcd6b80000 - 0x00007ffcd6de9000 	C:\WINDOWS\WinSxS\amd64_microsoft.windows.common-controls_6595b64144ccf1df_6.0.17134.228_none_fb4599993062b194\COMCTL32.dll
0x00007ffcef090000 - 0x00007ffcef3b3000 	C:\WINDOWS\System32\combase.dll
0x00007ffcec660000 - 0x00007ffcec6da000 	C:\WINDOWS\System32\bcryptPrimitives.dll
0x00007ffcef060000 - 0x00007ffcef08d000 	C:\WINDOWS\System32\IMM32.DLL
0x000000006cb00000 - 0x000000006cbd2000 	C:\Program Files\Java\jdk1.8.0_144\jre\bin\msvcr100.dll
0x0000000068700000 - 0x0000000068f9d000 	C:\Program Files\Java\jdk1.8.0_144\jre\bin\server\jvm.dll
0x00007ffcef750000 - 0x00007ffcef758000 	C:\WINDOWS\System32\PSAPI.DLL
0x00007ffcd83a0000 - 0x00007ffcd83a9000 	C:\WINDOWS\SYSTEM32\WSOCK32.dll
0x00007ffcef9a0000 - 0x00007ffcefa0c000 	C:\WINDOWS\System32\WS2_32.dll
0x00007ffcd8d60000 - 0x00007ffcd8d83000 	C:\WINDOWS\SYSTEM32\WINMM.dll
0x00007ffce54d0000 - 0x00007ffce54da000 	C:\WINDOWS\SYSTEM32\VERSION.dll
0x00007ffcd8370000 - 0x00007ffcd839a000 	C:\WINDOWS\SYSTEM32\WINMMBASE.dll
0x00007ffcec5f0000 - 0x00007ffcec639000 	C:\WINDOWS\System32\cfgmgr32.dll
0x000000006d890000 - 0x000000006d89f000 	C:\Program Files\Java\jdk1.8.0_144\jre\bin\verify.dll
0x000000006d860000 - 0x000000006d889000 	C:\Program Files\Java\jdk1.8.0_144\jre\bin\java.dll
0x000000006d690000 - 0x000000006d6a6000 	C:\Program Files\Java\jdk1.8.0_144\jre\bin\zip.dll
0x00007ffced7d0000 - 0x00007ffceec10000 	C:\WINDOWS\System32\SHELL32.dll
0x00007ffced6a0000 - 0x00007ffced749000 	C:\WINDOWS\System32\shcore.dll
0x00007ffcec7e0000 - 0x00007ffceceed000 	C:\WINDOWS\System32\windows.storage.dll
0x00007ffcef560000 - 0x00007ffcef5b1000 	C:\WINDOWS\System32\shlwapi.dll
0x00007ffcec330000 - 0x00007ffcec341000 	C:\WINDOWS\System32\kernel.appcore.dll
0x00007ffcec2b0000 - 0x00007ffcec2cf000 	C:\WINDOWS\System32\profapi.dll
0x00007ffcec2e0000 - 0x00007ffcec32c000 	C:\WINDOWS\System32\powrprof.dll
0x00007ffcec2d0000 - 0x00007ffcec2da000 	C:\WINDOWS\System32\FLTLIB.DLL

VM Arguments:
jvm_args: -Djava.awt.headless=true -Xmx1024M -Dfile.encoding=x-windows-874 -Duser.country=US -Duser.language=en -Duser.variant 
java_command: com.android.dx.command.Main --dex --num-threads=4 --output C:\Users\tphon\Desktop\ReactNative\hello\android\app\build\intermediates\pre-dexed\debug\classes_3c105405acd4f9f3bda150e796057593c6d83184.jar C:\Users\tphon\.android\build-cache\9dc7ffa5edf9e73594f22898539e7483b296076a\output\jars\classes.jar
java_class_path (initial): C:\Users\tphon\AppData\Local\Android\sdk\build-tools\26.0.3\lib\dx.jar
Launcher Type: SUN_STANDARD

Environment Variables:
CLASSPATH=C:\Users\tphon\Desktop\ReactNative\hello\android\\gradle\wrapper\gradle-wrapper.jar
USERNAME=tphon
OS=Windows_NT
PROCESSOR_IDENTIFIER=Intel64 Family 6 Model 158 Stepping 9, GenuineIntel



---------------  S Y S T E M  ---------------

OS: Windows 10.0 , 64 bit Build 17134 (10.0.17134.1)

CPU:total 4 (initial active 4) (4 cores per cpu, 1 threads per core) family 6 model 158 stepping 9, cmov, cx8, fxsr, mmx, sse, sse2, sse3, ssse3, sse4.1, sse4.2, popcnt, avx, avx2, aes, clmul, erms, 3dnowpref, lzcnt, tsc, tscinvbit, bmi1, bmi2, adx

Memory: 4k page, physical 8269412k(648280k free), swap 14172568k(3300k free)

vm_info: Java HotSpot(TM) 64-Bit Server VM (25.144-b01) for windows-amd64 JRE (1.8.0_144-b01), built on Jul 21 2017 21:57:33 by "java_re" with MS VC++ 10.0 (VS2010)

time: Fri Aug 24 16:22:40 2018
elapsed time: 1 seconds (0d 0h 0m 1s)

