#
# There is insufficient memory for the Java Runtime Environment to continue.
# Native memory allocation (malloc) failed to allocate 732736 bytes for Chunk::new
# Possible reasons:
#   The system is out of physical RAM or swap space
#   In 32 bit mode, the process size limit was hit
# Possible solutions:
#   Reduce memory load on the system
#   Increase physical memory or swap space
#   Check if swap backing store is full
#   Use 64 bit Java on a 64 bit OS
#   Decrease Java heap size (-Xmx/-Xms)
#   Decrease number of Java threads
#   Decrease Java thread stack sizes (-Xss)
#   Set larger code cache with -XX:ReservedCodeCacheSize=
# This output file may be truncated or incomplete.
#
#  Out of Memory Error (allocation.cpp:390), pid=17312, tid=0x0000000000001988
#
# JRE version: Java(TM) SE Runtime Environment (8.0_144-b01) (build 1.8.0_144-b01)
# Java VM: Java HotSpot(TM) 64-Bit Server VM (25.144-b01 mixed mode windows-amd64 compressed oops)
# Failed to write core dump. Minidumps are not enabled by default on client versions of Windows
#

---------------  T H R E A D  ---------------

Current thread (0x00000000158c9800):  JavaThread "C2 CompilerThread0" daemon [_thread_in_native, id=6536, stack(0x0000000016f20000,0x0000000017020000)]

Stack: [0x0000000016f20000,0x0000000017020000]
[error occurred during error reporting (printing stack bounds), id 0xc0000005]

Native frames: (J=compiled Java code, j=interpreted, Vv=VM code, C=native code)


Current CompileTask:
C2:    783 1186   !   4       com.android.dx.cf.code.BytecodeArray::parseInstruction (2796 bytes)


---------------  P R O C E S S  ---------------

Java Threads: ( => current thread )
  0x0000000017297000 JavaThread "pool-1-thread-4" [_thread_in_Java, id=11820, stack(0x0000000017c20000,0x0000000017d20000)]
  0x0000000017296800 JavaThread "pool-1-thread-3" [_thread_blocked, id=17072, stack(0x0000000017b20000,0x0000000017c20000)]
  0x0000000017295800 JavaThread "pool-1-thread-2" [_thread_blocked, id=17088, stack(0x0000000017a20000,0x0000000017b20000)]
  0x0000000017291800 JavaThread "pool-2-thread-1" [_thread_blocked, id=10288, stack(0x0000000017920000,0x0000000017a20000)]
  0x0000000017291000 JavaThread "pool-1-thread-1" [_thread_in_Java, id=12964, stack(0x0000000017820000,0x0000000017920000)]
  0x0000000017075000 JavaThread "Service Thread" daemon [_thread_blocked, id=13576, stack(0x0000000017620000,0x0000000017720000)]
  0x000000001591d800 JavaThread "C1 CompilerThread2" daemon [_thread_in_vm, id=14668, stack(0x0000000017520000,0x0000000017620000)]
  0x00000000158d1800 JavaThread "C2 CompilerThread1" daemon [_thread_in_native, id=9848, stack(0x0000000017420000,0x0000000017520000)]
=>0x00000000158c9800 JavaThread "C2 CompilerThread0" daemon [_thread_in_native, id=6536, stack(0x0000000016f20000,0x0000000017020000)]
  0x00000000158c7000 JavaThread "Attach Listener" daemon [_thread_blocked, id=17164, stack(0x0000000016e20000,0x0000000016f20000)]
  0x0000000015917800 JavaThread "Signal Dispatcher" daemon [_thread_blocked, id=15188, stack(0x0000000016d20000,0x0000000016e20000)]
  0x00000000031e6800 JavaThread "Finalizer" daemon [_thread_blocked, id=11908, stack(0x0000000016b30000,0x0000000016c30000)]
  0x00000000031e1000 JavaThread "Reference Handler" daemon [_thread_blocked, id=13500, stack(0x0000000016a30000,0x0000000016b30000)]
  0x00000000030f2800 JavaThread "main" [_thread_in_Java, id=9260, stack(0x0000000002e50000,0x0000000002f50000)]

Other Threads:
  0x0000000015888000 VMThread [stack: 0x0000000016930000,0x0000000016a30000] [id=11496]
  0x00000000170f1000 WatcherThread [stack: 0x0000000017720000,0x0000000017820000] [id=17264]

VM state:not at safepoint (normal execution)

VM Mutex/Monitor currently owned by a thread:  ([mutex/lock_event])
[0x00000000030f1dd0] Compile_lock - owner thread: 0x0000000000000000

Heap:
 PSYoungGen      total 38400K, used 19916K [0x00000000eab00000, 0x00000000ef600000, 0x0000000100000000)
  eden space 33280K, 44% used [0x00000000eab00000,0x00000000eb9738c0,0x00000000ecb80000)
  from space 5120K, 99% used [0x00000000ecb80000,0x00000000ed07fab0,0x00000000ed080000)
  to   space 5120K, 0% used [0x00000000ef100000,0x00000000ef100000,0x00000000ef600000)
 ParOldGen       total 87552K, used 1880K [0x00000000c0000000, 0x00000000c5580000, 0x00000000eab00000)
  object space 87552K, 2% used [0x00000000c0000000,0x00000000c01d60b8,0x00000000c5580000)
 Metaspace       used 6149K, capacity 7032K, committed 7296K, reserved 1056768K
  class space    used 614K, capacity 624K, committed 640K, reserved 1048576K

Card table byte_map: [0x00000000125b0000,0x00000000127c0000] byte_map_base: 0x0000000011fb0000

Marking Bits: (ParMarkBitMap*) 0x0000000068f1d850
 Begin Bits: [0x0000000012d20000, 0x0000000013d20000)
 End Bits:   [0x0000000013d20000, 0x0000000014d20000)

Polling page: 0x0000000002e30000

CodeCache: size=245760Kb used=4769Kb max_used=4769Kb free=240990Kb
 bounds [0x00000000031f0000, 0x00000000036a0000, 0x00000000121f0000]
 total_blobs=1489 nmethods=1224 adapters=178
 compilation: enabled

Compilation events (10 events):
Event: 0.756 Thread 0x000000001591d800 nmethod 1205 0x0000000003690a50 code [0x0000000003690d80, 0x00000000036929e8]
Event: 0.756 Thread 0x000000001591d800 1206   !   3       com.android.dx.cf.code.Ropper::convert (59 bytes)
Event: 0.757 Thread 0x000000001591d800 nmethod 1206 0x0000000003693ed0 code [0x0000000003694100, 0x0000000003694ca8]
Event: 0.757 Thread 0x000000001591d800 1213       3       com.android.dx.cf.code.BytecodeArray::size (8 bytes)
Event: 0.757 Thread 0x000000001591d800 nmethod 1213 0x0000000003695290 code [0x00000000036953e0, 0x00000000036955d0]
Event: 0.757 Thread 0x000000001591d800 1228       1       com.android.dx.rop.annotation.NameValuePair::getValue (5 bytes)
Event: 0.757 Thread 0x000000001591d800 nmethod 1228 0x0000000003695690 code [0x00000000036957e0, 0x00000000036958f0]
Event: 0.779 Thread 0x000000001591d800 1233       2       com.android.dx.rop.code.Rops::opGetField (97 bytes)
Event: 0.780 Thread 0x000000001591d800 nmethod 1233 0x0000000003695950 code [0x0000000003695b20, 0x0000000003696098]
Event: 0.780 Thread 0x000000001591d800 1234       2       com.android.dx.ssa.SsaMethod::convertRopToSsaBlocks (103 bytes)

GC Heap History (2 events):
Event: 0.665 GC heap before
{Heap before GC invocations=1 (full 0):
 PSYoungGen      total 38400K, used 33280K [0x00000000eab00000, 0x00000000ed580000, 0x0000000100000000)
  eden space 33280K, 100% used [0x00000000eab00000,0x00000000ecb80000,0x00000000ecb80000)
  from space 5120K, 0% used [0x00000000ed080000,0x00000000ed080000,0x00000000ed580000)
  to   space 5120K, 0% used [0x00000000ecb80000,0x00000000ecb80000,0x00000000ed080000)
 ParOldGen       total 87552K, used 0K [0x00000000c0000000, 0x00000000c5580000, 0x00000000eab00000)
  object space 87552K, 0% used [0x00000000c0000000,0x00000000c0000000,0x00000000c5580000)
 Metaspace       used 6084K, capacity 6968K, committed 7040K, reserved 1056768K
  class space    used 614K, capacity 624K, committed 640K, reserved 1048576K
Event: 0.672 GC heap after
Heap after GC invocations=1 (full 0):
 PSYoungGen      total 38400K, used 5118K [0x00000000eab00000, 0x00000000ef600000, 0x0000000100000000)
  eden space 33280K, 0% used [0x00000000eab00000,0x00000000eab00000,0x00000000ecb80000)
  from space 5120K, 99% used [0x00000000ecb80000,0x00000000ed07fab0,0x00000000ed080000)
  to   space 5120K, 0% used [0x00000000ef100000,0x00000000ef100000,0x00000000ef600000)
 ParOldGen       total 87552K, used 1880K [0x00000000c0000000, 0x00000000c5580000, 0x00000000eab00000)
  object space 87552K, 2% used [0x00000000c0000000,0x00000000c01d60b8,0x00000000c5580000)
 Metaspace       used 6084K, capacity 6968K, committed 7040K, reserved 1056768K
  class space    used 614K, capacity 624K, committed 640K, reserved 1048576K
}

Deoptimization events (10 events):
Event: 0.555 Thread 0x0000000017297000 Uncommon trap: reason=class_check action=maybe_recompile pc=0x0000000003447b94 method=com.android.dx.ssa.NormalSsaInsn.accept(Lcom/android/dx/ssa/SsaInsn$Visitor;)V @ 9
Event: 0.555 Thread 0x0000000017297000 Uncommon trap: reason=class_check action=maybe_recompile pc=0x0000000003430cf0 method=com.android.dx.ssa.NormalSsaInsn.accept(Lcom/android/dx/ssa/SsaInsn$Visitor;)V @ 9
Event: 0.602 Thread 0x00000000030f2800 Uncommon trap: reason=unstable_if action=reinterpret pc=0x00000000034d9bdc method=com.android.dx.rop.cst.Constant.compareTo(Lcom/android/dx/rop/cst/Constant;)I @ 12
Event: 0.632 Thread 0x00000000030f2800 Uncommon trap: reason=unstable_if action=reinterpret pc=0x00000000034c2abc method=com.android.dx.rop.code.RegisterSpec.equals(ILcom/android/dx/rop/type/TypeBearer;Lcom/android/dx/rop/code/LocalItem;)Z @ 42
Event: 0.639 Thread 0x00000000030f2800 Uncommon trap: reason=bimorphic action=maybe_recompile pc=0x000000000359db34 method=java.util.HashMap.getNode(ILjava/lang/Object;)Ljava/util/HashMap$Node; @ 126
Event: 0.654 Thread 0x0000000017296800 Uncommon trap: reason=unstable_if action=reinterpret pc=0x00000000035a35ec method=com.android.dx.rop.code.RegisterSpecSet.put(Lcom/android/dx/rop/code/RegisterSpec;)V @ 77
Event: 0.654 Thread 0x0000000017296800 Uncommon trap: reason=unstable_if action=reinterpret pc=0x00000000035f4edc method=com.android.dx.rop.code.RegisterSpecSet.put(Lcom/android/dx/rop/code/RegisterSpec;)V @ 77
Event: 0.702 Thread 0x0000000017295800 Uncommon trap: reason=bimorphic action=maybe_recompile pc=0x000000000359db34 method=java.util.HashMap.getNode(ILjava/lang/Object;)Ljava/util/HashMap$Node; @ 126
Event: 0.703 Thread 0x0000000017295800 Uncommon trap: reason=bimorphic action=maybe_recompile pc=0x000000000359db34 method=java.util.HashMap.getNode(ILjava/lang/Object;)Ljava/util/HashMap$Node; @ 126
Event: 0.703 Thread 0x0000000017295800 Uncommon trap: reason=bimorphic action=maybe_recompile pc=0x000000000359db34 method=java.util.HashMap.getNode(ILjava/lang/Object;)Ljava/util/HashMap$Node; @ 126

Internal exceptions (2 events):
Event: 0.069 Thread 0x00000000030f2800 Exception <a 'java/lang/NoSuchMethodError': Method sun.misc.Unsafe.defineClass(Ljava/lang/String;[BII)Ljava/lang/Class; name or signature does not match> (0x00000000eab07ca8) thrown at [C:\re\workspace\8-2-build-windows-amd64-cygwin\jdk8u144\9417\hotspot\
Event: 0.069 Thread 0x00000000030f2800 Exception <a 'java/lang/NoSuchMethodError': Method sun.misc.Unsafe.prefetchRead(Ljava/lang/Object;J)V name or signature does not match> (0x00000000eab07f90) thrown at [C:\re\workspace\8-2-build-windows-amd64-cygwin\jdk8u144\9417\hotspot\src\share\vm\prims

Events (10 events):
Event: 0.683 loading class com/android/dx/cf/code/SwitchList done
Event: 0.696 Thread 0x0000000017295800 Uncommon trap: trap_request=0xffffffc6 fr.pc=0x000000000359db34
Event: 0.703 Thread 0x0000000017295800 DEOPT PACKING pc=0x000000000359db34 sp=0x0000000017b1eb90
Event: 0.703 Thread 0x0000000017295800 DEOPT UNPACKING pc=0x000000000323582a sp=0x0000000017b1eac8 mode 2
Event: 0.703 Thread 0x0000000017295800 Uncommon trap: trap_request=0xffffffc6 fr.pc=0x000000000359db34
Event: 0.703 Thread 0x0000000017295800 DEOPT PACKING pc=0x000000000359db34 sp=0x0000000017b1eb90
Event: 0.703 Thread 0x0000000017295800 DEOPT UNPACKING pc=0x000000000323582a sp=0x0000000017b1eac8 mode 2
Event: 0.703 Thread 0x0000000017295800 Uncommon trap: trap_request=0xffffffc6 fr.pc=0x000000000359db34
Event: 0.703 Thread 0x0000000017295800 DEOPT PACKING pc=0x000000000359db34 sp=0x0000000017b1eb90
Event: 0.703 Thread 0x0000000017295800 DEOPT UNPACKING pc=0x000000000323582a sp=0x0000000017b1eac8 mode 2


Dynamic libraries:
0x00007ff65b5b0000 - 0x00007ff65b5e7000 	C:\Program Files\Java\jdk1.8.0_144\bin\java.exe
0x00007ffceffa0000 - 0x00007ffcf0181000 	C:\WINDOWS\SYSTEM32\ntdll.dll
0x00007ffcefa70000 - 0x00007ffcefb22000 	C:\WINDOWS\System32\KERNEL32.DLL
0x00007ffcec370000 - 0x00007ffcec5e3000 	C:\WINDOWS\System32\KERNELBASE.dll
0x00007ffcef760000 - 0x00007ffcef801000 	C:\WINDOWS\System32\ADVAPI32.dll
0x00007ffcef6b0000 - 0x00007ffcef74e000 	C:\WINDOWS\System32\msvcrt.dll
0x00007ffced640000 - 0x00007ffced69b000 	C:\WINDOWS\System32\sechost.dll
0x00007ffced430000 - 0x00007ffced554000 	C:\WINDOWS\System32\RPCRT4.dll
0x00007ffcefce0000 - 0x00007ffcefe70000 	C:\WINDOWS\System32\USER32.dll
0x00007ffcec640000 - 0x00007ffcec660000 	C:\WINDOWS\System32\win32u.dll
0x00007ffcefb30000 - 0x00007ffcefb58000 	C:\WINDOWS\System32\GDI32.dll
0x00007ffced290000 - 0x00007ffced422000 	C:\WINDOWS\System32\gdi32full.dll
0x00007ffced1f0000 - 0x00007ffced28f000 	C:\WINDOWS\System32\msvcp_win.dll
0x00007ffcec6e0000 - 0x00007ffcec7da000 	C:\WINDOWS\System32\ucrtbase.dll
0x00007ffcd6b80000 - 0x00007ffcd6de9000 	C:\WINDOWS\WinSxS\amd64_microsoft.windows.common-controls_6595b64144ccf1df_6.0.17134.228_none_fb4599993062b194\COMCTL32.dll
0x00007ffcef090000 - 0x00007ffcef3b3000 	C:\WINDOWS\System32\combase.dll
0x00007ffcec660000 - 0x00007ffcec6da000 	C:\WINDOWS\System32\bcryptPrimitives.dll
0x00007ffcef060000 - 0x00007ffcef08d000 	C:\WINDOWS\System32\IMM32.DLL
0x000000006cb00000 - 0x000000006cbd2000 	C:\Program Files\Java\jdk1.8.0_144\jre\bin\msvcr100.dll
0x0000000068700000 - 0x0000000068f9d000 	C:\Program Files\Java\jdk1.8.0_144\jre\bin\server\jvm.dll
0x00007ffcef750000 - 0x00007ffcef758000 	C:\WINDOWS\System32\PSAPI.DLL
0x00007ffcd83a0000 - 0x00007ffcd83a9000 	C:\WINDOWS\SYSTEM32\WSOCK32.dll
0x00007ffcef9a0000 - 0x00007ffcefa0c000 	C:\WINDOWS\System32\WS2_32.dll
0x00007ffcd8d60000 - 0x00007ffcd8d83000 	C:\WINDOWS\SYSTEM32\WINMM.dll
0x00007ffce54d0000 - 0x00007ffce54da000 	C:\WINDOWS\SYSTEM32\VERSION.dll
0x00007ffcd8370000 - 0x00007ffcd839a000 	C:\WINDOWS\SYSTEM32\WINMMBASE.dll
0x00007ffcec5f0000 - 0x00007ffcec639000 	C:\WINDOWS\System32\cfgmgr32.dll
0x000000006d890000 - 0x000000006d89f000 	C:\Program Files\Java\jdk1.8.0_144\jre\bin\verify.dll
0x000000006d860000 - 0x000000006d889000 	C:\Program Files\Java\jdk1.8.0_144\jre\bin\java.dll
0x000000006d690000 - 0x000000006d6a6000 	C:\Program Files\Java\jdk1.8.0_144\jre\bin\zip.dll
0x00007ffced7d0000 - 0x00007ffceec10000 	C:\WINDOWS\System32\SHELL32.dll
0x00007ffced6a0000 - 0x00007ffced749000 	C:\WINDOWS\System32\shcore.dll
0x00007ffcec7e0000 - 0x00007ffceceed000 	C:\WINDOWS\System32\windows.storage.dll
0x00007ffcef560000 - 0x00007ffcef5b1000 	C:\WINDOWS\System32\shlwapi.dll
0x00007ffcec330000 - 0x00007ffcec341000 	C:\WINDOWS\System32\kernel.appcore.dll
0x00007ffcec2b0000 - 0x00007ffcec2cf000 	C:\WINDOWS\System32\profapi.dll
0x00007ffcec2e0000 - 0x00007ffcec32c000 	C:\WINDOWS\System32\powrprof.dll
0x00007ffcec2d0000 - 0x00007ffcec2da000 	C:\WINDOWS\System32\FLTLIB.DLL

VM Arguments:
jvm_args: -Djava.awt.headless=true -Xmx1024M -Dfile.encoding=x-windows-874 -Duser.country=US -Duser.language=en -Duser.variant 
java_command: com.android.dx.command.Main --dex --num-threads=4 --output C:\Users\tphon\Desktop\ReactNative\hello\android\app\build\intermediates\pre-dexed\debug\classes_9a29f9802e47e1eca5c2b2b237e09bd57dba794c.jar C:\Users\tphon\.android\build-cache\349d0ee5b0131246b2b92f51dd152f35bf449d6c\output\jars\classes.jar
java_class_path (initial): C:\Users\tphon\AppData\Local\Android\sdk\build-tools\26.0.3\lib\dx.jar
Launcher Type: SUN_STANDARD

Environment Variables:
CLASSPATH=C:\Users\tphon\Desktop\ReactNative\hello\android\\gradle\wrapper\gradle-wrapper.jar
USERNAME=tphon
OS=Windows_NT
PROCESSOR_IDENTIFIER=Intel64 Family 6 Model 158 Stepping 9, GenuineIntel



---------------  S Y S T E M  ---------------

OS: Windows 10.0 , 64 bit Build 17134 (10.0.17134.1)

CPU:total 4 (initial active 4) (4 cores per cpu, 1 threads per core) family 6 model 158 stepping 9, cmov, cx8, fxsr, mmx, sse, sse2, sse3, ssse3, sse4.1, sse4.2, popcnt, avx, avx2, aes, clmul, erms, 3dnowpref, lzcnt, tsc, tscinvbit, bmi1, bmi2, adx

Memory: 4k page, physical 8269412k(531084k free), swap 14172568k(2248k free)

vm_info: Java HotSpot(TM) 64-Bit Server VM (25.144-b01) for windows-amd64 JRE (1.8.0_144-b01), built on Jul 21 2017 21:57:33 by "java_re" with MS VC++ 10.0 (VS2010)

time: Fri Aug 24 16:22:39 2018
elapsed time: 0 seconds (0d 0h 0m 0s)

